0001_0061_0055_0026_0026.jpg 1 61 55 26 26
0002_0015_0016_0053_0053.jpg 1 15 16 53 53
0003_0038_0028_0057_0057.jpg 1 38 28 57 57
0004_0040_0018_0052_0052.jpg 1 40 18 52 52
0005_0031_0027_0061_0061.jpg 1 31 27 61 61
0006_0018_0009_0062_0062.jpg 1 18 9 62 62
0007_0016_0019_0064_0064.jpg 1 16 19 64 64
0008_0029_0013_0025_0025.jpg 1 29 13 25 25
0009_0036_0008_0047_0047.jpg 1 36 8 47 47
0010_0039_0019_0034_0034.jpg 1 39 19 34 34
0011_0044_0021_0042_0042.jpg 1 44 21 42 42
0012_0017_0028_0063_0063.jpg 1 17 28 63 63
0013_0033_0051_0032_0032.jpg 1 33 51 32 32
0014_0026_0010_0036_0036.jpg 1 26 10 36 36
0015_0013_0031_0039_0039.jpg 1 13 31 39 39
0016_0049_0033_0038_0038.jpg 1 49 33 38 38
0017_0021_0017_0051_0051.jpg 1 21 17 51 51
0018_0045_0018_0048_0048.jpg 1 45 18 48 48
0019_0063_0045_0024_0024.jpg 1 63 45 24 24
0020_0045_0024_0026_0026.jpg 1 45 24 26 26
0021_0019_0007_0056_0056.jpg 1 19 7 56 56
0022_0026_0022_0067_0067.jpg 1 26 22 67 67
0023_0010_0014_0057_0057.jpg 1 10 14 57 57
0024_0035_0059_0024_0024.jpg 1 35 59 24 24
0025_0046_0053_0039_0039.jpg 1 46 53 39 39
0026_0010_0010_0041_0041.jpg 1 10 10 41 41
0027_0034_0021_0050_0050.jpg 1 34 21 50 50
0028_0033_0015_0027_0027.jpg 1 33 15 27 27
0029_0005_0031_0056_0056.jpg 1 5 31 56 56
0030_0038_0017_0028_0028.jpg 1 38 17 28 28
0031_0017_0046_0048_0048.jpg 1 17 46 48 48
0032_0016_0014_0062_0062.jpg 1 16 14 62 62
0033_0030_0019_0059_0059.jpg 1 30 19 59 59
0034_0035_0037_0052_0052.jpg 1 35 37 52 52
0035_0005_0006_0062_0062.jpg 1 5 6 62 62
0036_0031_0029_0032_0032.jpg 1 31 29 32 32
0037_0027_0009_0066_0066.jpg 1 27 9 66 66
0038_0019_0034_0039_0039.jpg 1 19 34 39 39
0039_0018_0022_0062_0062.jpg 1 18 22 62 62
0040_0016_0017_0050_0050.jpg 1 16 17 50 50
0041_0033_0040_0044_0044.jpg 1 33 40 44 44
0042_0005_0026_0060_0060.jpg 1 5 26 60 60
0043_0011_0031_0064_0064.jpg 1 11 31 64 64
0044_0014_0027_0056_0056.jpg 1 14 27 56 56
0045_0048_0007_0038_0038.jpg 1 48 7 38 38
0046_0029_0009_0059_0059.jpg 1 29 9 59 59
0047_0042_0040_0026_0026.jpg 1 42 40 26 26
0048_0023_0033_0053_0053.jpg 1 23 33 53 53
0049_0013_0011_0053_0053.jpg 1 13 11 53 53
0050_0015_0029_0045_0045.jpg 1 15 29 45 45
0051_0040_0057_0033_0033.jpg 1 40 57 33 33
0052_0039_0013_0033_0033.jpg 1 39 13 33 33
0053_0052_0031_0025_0025.jpg 1 52 31 25 25
0054_0035_0014_0037_0037.jpg 1 35 14 37 37
0055_0026_0026_0069_0069.jpg 1 26 26 69 69
0056_0020_0022_0060_0060.jpg 1 20 22 60 60
0057_0031_0034_0061_0061.jpg 1 31 34 61 61
0058_0026_0037_0056_0056.jpg 1 26 37 56 56
0059_0017_0009_0050_0050.jpg 1 17 9 50 50
0060_0023_0011_0033_0033.jpg 1 23 11 33 33
0061_0020_0035_0053_0053.jpg 1 20 35 53 53
0062_0007_0028_0064_0064.jpg 1 7 28 64 64
0063_0042_0032_0049_0049.jpg 1 42 32 49 49
0064_0032_0028_0024_0024.jpg 1 32 28 24 24
0065_0011_0019_0061_0061.jpg 1 11 19 61 61
0066_0014_0037_0054_0054.jpg 1 14 37 54 54
0067_0011_0023_0063_0063.jpg 1 11 23 63 63
0068_0014_0035_0044_0044.jpg 1 14 35 44 44
0069_0006_0007_0063_0063.jpg 1 6 7 63 63
0070_0043_0038_0024_0024.jpg 1 43 38 24 24
0071_0036_0032_0029_0029.jpg 1 36 32 29 29
0072_0013_0030_0058_0058.jpg 1 13 30 58 58
0073_0034_0017_0054_0054.jpg 1 34 17 54 54
0074_0017_0030_0055_0055.jpg 1 17 30 55 55
0075_0032_0054_0036_0036.jpg 1 32 54 36 36
0076_0024_0024_0069_0069.jpg 1 24 24 69 69
0077_0048_0014_0042_0042.jpg 1 48 14 42 42
0078_0039_0027_0046_0046.jpg 1 39 27 46 46
0079_0020_0021_0068_0068.jpg 1 20 21 68 68
0080_0008_0007_0069_0069.jpg 1 8 7 69 69
0081_0016_0023_0048_0048.jpg 1 16 23 48 48
0082_0014_0020_0054_0054.jpg 1 14 20 54 54
0083_0035_0042_0036_0036.jpg 1 35 42 36 36
0084_0014_0017_0047_0047.jpg 1 14 17 47 47
0085_0054_0033_0026_0026.jpg 1 54 33 26 26
0086_0032_0006_0055_0055.jpg 1 32 6 55 55
0087_0005_0014_0055_0055.jpg 1 5 14 55 55
0088_0010_0030_0055_0055.jpg 1 10 30 55 55
0089_0009_0036_0034_0034.jpg 1 9 36 34 34
0090_0017_0023_0060_0060.jpg 1 17 23 60 60
0091_0007_0011_0056_0056.jpg 1 7 11 56 56
0092_0009_0019_0030_0030.jpg 1 9 19 30 30
0093_0010_0030_0039_0039.jpg 1 10 30 39 39
0094_0007_0021_0037_0037.jpg 1 7 21 37 37
0095_0014_0040_0049_0049.jpg 1 14 40 49 49
0096_0039_0014_0046_0046.jpg 1 39 14 46 46
0097_0024_0031_0050_0050.jpg 1 24 31 50 50
0098_0045_0041_0049_0049.jpg 1 45 41 49 49
0099_0017_0006_0065_0065.jpg 1 17 6 65 65
0100_0031_0029_0060_0060.jpg 1 31 29 60 60
0101_0011_0037_0039_0039.jpg 1 11 37 39 39
0102_0027_0025_0064_0064.jpg 1 27 25 64 64
0103_0040_0015_0029_0029.jpg 1 40 15 29 29
0104_0019_0022_0046_0046.jpg 1 19 22 46 46
0105_0027_0049_0038_0038.jpg 1 27 49 38 38
0106_0028_0030_0037_0037.jpg 1 28 30 37 37
0107_0005_0042_0043_0043.jpg 1 5 42 43 43
0108_0018_0014_0039_0039.jpg 1 18 14 39 39
0109_0008_0031_0030_0030.jpg 1 8 31 30 30
0110_0010_0024_0068_0068.jpg 1 10 24 68 68
0111_0030_0038_0050_0050.jpg 1 30 38 50 50
0112_0020_0048_0043_0043.jpg 1 20 48 43 43
0113_0013_0024_0024_0024.jpg 1 13 24 24 24
0114_0021_0034_0050_0050.jpg 1 21 34 50 50
0115_0016_0039_0025_0025.jpg 1 16 39 25 25
0116_0009_0017_0048_0048.jpg 1 9 17 48 48
0117_0027_0012_0065_0065.jpg 1 27 12 65 65
0118_0017_0010_0051_0051.jpg 1 17 10 51 51
0119_0025_0020_0056_0056.jpg 1 25 20 56 56
0120_0017_0022_0067_0067.jpg 1 17 22 67 67
0121_0017_0018_0042_0042.jpg 1 17 18 42 42
0122_0029_0008_0031_0031.jpg 1 29 8 31 31
0123_0013_0054_0024_0024.jpg 1 13 54 24 24
0124_0041_0047_0043_0043.jpg 1 41 47 43 43
0125_0026_0042_0039_0039.jpg 1 26 42 39 39
0126_0006_0022_0056_0056.jpg 1 6 22 56 56
0127_0026_0008_0053_0053.jpg 1 26 8 53 53
0128_0061_0039_0026_0026.jpg 1 61 39 26 26
0129_0013_0006_0063_0063.jpg 1 13 6 63 63
0130_0049_0033_0033_0033.jpg 1 49 33 33 33
0131_0021_0008_0058_0058.jpg 1 21 8 58 58
0132_0043_0052_0036_0036.jpg 1 43 52 36 36
0133_0020_0026_0067_0067.jpg 1 20 26 67 67
0134_0015_0016_0029_0029.jpg 1 15 16 29 29
0135_0022_0023_0040_0040.jpg 1 22 23 40 40
0136_0029_0034_0051_0051.jpg 1 29 34 51 51
0137_0020_0062_0029_0029.jpg 1 20 62 29 29
0138_0033_0007_0058_0058.jpg 1 33 7 58 58
0139_0006_0019_0064_0064.jpg 1 6 19 64 64
0140_0022_0027_0052_0052.jpg 1 22 27 52 52
0141_0041_0014_0038_0038.jpg 1 41 14 38 38
0142_0028_0040_0054_0054.jpg 1 28 40 54 54
0143_0051_0036_0033_0033.jpg 1 51 36 33 33
0144_0038_0015_0037_0037.jpg 1 38 15 37 37
0145_0039_0021_0048_0048.jpg 1 39 21 48 48
0146_0012_0017_0036_0036.jpg 1 12 17 36 36
0147_0035_0050_0033_0033.jpg 1 35 50 33 33
0148_0029_0029_0033_0033.jpg 1 29 29 33 33
0149_0026_0029_0026_0026.jpg 1 26 29 26 26
0150_0013_0022_0046_0046.jpg 1 13 22 46 46
0151_0055_0028_0028_0028.jpg 1 55 28 28 28
0152_0021_0019_0062_0062.jpg 1 21 19 62 62
0153_0049_0048_0035_0035.jpg 1 49 48 35 35
0154_0010_0037_0053_0053.jpg 1 10 37 53 53
0155_0009_0023_0041_0041.jpg 1 9 23 41 41
0156_0013_0031_0038_0038.jpg 1 13 31 38 38
0157_0013_0033_0047_0047.jpg 1 13 33 47 47
0158_0024_0033_0057_0057.jpg 1 24 33 57 57
0159_0032_0041_0038_0038.jpg 1 32 41 38 38
0160_0051_0045_0027_0027.jpg 1 51 45 27 27
0161_0050_0007_0034_0034.jpg 1 50 7 34 34
0162_0016_0018_0064_0064.jpg 1 16 18 64 64
0163_0006_0007_0058_0058.jpg 1 6 7 58 58
0164_0061_0054_0030_0030.jpg 1 61 54 30 30
0165_0045_0037_0034_0034.jpg 1 45 37 34 34
0166_0022_0010_0036_0036.jpg 1 22 10 36 36
0167_0033_0018_0053_0053.jpg 1 33 18 53 53
0168_0026_0015_0053_0053.jpg 1 26 15 53 53
0169_0013_0020_0056_0056.jpg 1 13 20 56 56
0170_0012_0012_0067_0067.jpg 1 12 12 67 67
0171_0059_0030_0032_0032.jpg 1 59 30 32 32
0172_0019_0031_0059_0059.jpg 1 19 31 59 59
0173_0008_0035_0044_0044.jpg 1 8 35 44 44
0174_0019_0005_0062_0062.jpg 1 19 5 62 62
0175_0016_0009_0026_0026.jpg 1 16 9 26 26
0176_0026_0006_0064_0064.jpg 1 26 6 64 64
0177_0017_0022_0053_0053.jpg 1 17 22 53 53
0178_0013_0045_0034_0034.jpg 1 13 45 34 34
0179_0008_0013_0068_0068.jpg 1 8 13 68 68
0180_0045_0022_0034_0034.jpg 1 45 22 34 34
0181_0023_0024_0035_0035.jpg 1 23 24 35 35
0182_0016_0015_0062_0062.jpg 1 16 15 62 62
0183_0003_0024_0066_0066.jpg 1 3 24 66 66
0184_0008_0011_0027_0027.jpg 1 8 11 27 27
0185_0012_0023_0062_0062.jpg 1 12 23 62 62
0186_0047_0012_0035_0035.jpg 1 47 12 35 35
0187_0032_0015_0048_0048.jpg 1 32 15 48 48
0188_0012_0022_0035_0035.jpg 1 12 22 35 35
0189_0043_0044_0041_0041.jpg 1 43 44 41 41
0190_0016_0015_0068_0068.jpg 1 16 15 68 68
0191_0042_0045_0048_0048.jpg 1 42 45 48 48
0192_0029_0022_0053_0053.jpg 1 29 22 53 53
0193_0035_0042_0041_0041.jpg 1 35 42 41 41
0194_0036_0026_0050_0050.jpg 1 36 26 50 50
0195_0034_0015_0058_0058.jpg 1 34 15 58 58
0196_0042_0046_0031_0031.jpg 1 42 46 31 31
0197_0007_0003_0062_0062.jpg 1 7 3 62 62
0198_0014_0029_0043_0043.jpg 1 14 29 43 43
0199_0021_0010_0033_0033.jpg 1 21 10 33 33
0200_0025_0017_0028_0028.jpg 1 25 17 28 28
0201_0032_0033_0062_0062.jpg 1 32 33 62 62
0202_0006_0023_0064_0064.jpg 1 6 23 64 64
0203_0049_0049_0040_0040.jpg 1 49 49 40 40
0204_0025_0008_0058_0058.jpg 1 25 8 58 58
0205_0020_0012_0059_0059.jpg 1 20 12 59 59
0206_0059_0028_0031_0031.jpg 1 59 28 31 31
0207_0025_0029_0040_0040.jpg 1 25 29 40 40
0208_0016_0021_0032_0032.jpg 1 16 21 32 32
0209_0011_0003_0067_0067.jpg 1 11 3 67 67
0210_0036_0030_0055_0055.jpg 1 36 30 55 55
0211_0026_0027_0047_0047.jpg 1 26 27 47 47
0212_0023_0008_0029_0029.jpg 1 23 8 29 29
0213_0007_0038_0038_0038.jpg 1 7 38 38 38
0214_0017_0035_0024_0024.jpg 1 17 35 24 24
0215_0039_0032_0047_0047.jpg 1 39 32 47 47
0216_0018_0047_0047_0047.jpg 1 18 47 47 47
0217_0031_0026_0042_0042.jpg 1 31 26 42 42
0218_0053_0026_0026_0026.jpg 1 53 26 26 26
0219_0026_0063_0026_0026.jpg 1 26 63 26 26
0220_0054_0049_0025_0025.jpg 1 54 49 25 25
0221_0031_0027_0041_0041.jpg 1 31 27 41 41
0222_0013_0039_0035_0035.jpg 1 13 39 35 35
0223_0043_0006_0041_0041.jpg 1 43 6 41 41
0224_0061_0051_0032_0032.jpg 1 61 51 32 32
0225_0014_0019_0059_0059.jpg 1 14 19 59 59
0226_0031_0023_0052_0052.jpg 1 31 23 52 52
0227_0019_0023_0040_0040.jpg 1 19 23 40 40
0228_0034_0017_0060_0060.jpg 1 34 17 60 60
0229_0014_0041_0046_0046.jpg 1 14 41 46 46
0230_0014_0027_0055_0055.jpg 1 14 27 55 55
0231_0031_0032_0056_0056.jpg 1 31 32 56 56
0232_0050_0029_0038_0038.jpg 1 50 29 38 38
0233_0026_0007_0069_0069.jpg 1 26 7 69 69
0234_0038_0045_0047_0047.jpg 1 38 45 47 47
0235_0019_0030_0049_0049.jpg 1 19 30 49 49
0236_0043_0030_0041_0041.jpg 1 43 30 41 41
0237_0022_0022_0065_0065.jpg 1 22 22 65 65
0238_0011_0034_0046_0046.jpg 1 11 34 46 46
0239_0024_0016_0065_0065.jpg 1 24 16 65 65
0240_0011_0025_0069_0069.jpg 1 11 25 69 69
0241_0024_0020_0068_0068.jpg 1 24 20 68 68
0242_0027_0009_0069_0069.jpg 1 27 9 69 69
0243_0046_0022_0026_0026.jpg 1 46 22 26 26
0244_0045_0034_0047_0047.jpg 1 45 34 47 47
0245_0014_0024_0054_0054.jpg 1 14 24 54 54
0246_0032_0035_0054_0054.jpg 1 32 35 54 54
0247_0045_0009_0045_0045.jpg 1 45 9 45 45
0248_0044_0045_0027_0027.jpg 1 44 45 27 27
0249_0010_0024_0062_0062.jpg 1 10 24 62 62
0250_0011_0010_0068_0068.jpg 1 11 10 68 68
0251_0044_0020_0051_0051.jpg 1 44 20 51 51
0252_0030_0042_0052_0052.jpg 1 30 42 52 52
0253_0023_0011_0058_0058.jpg 1 23 11 58 58
0254_0015_0024_0051_0051.jpg 1 15 24 51 51
0255_0060_0036_0027_0027.jpg 1 60 36 27 27
0256_0013_0026_0033_0033.jpg 1 13 26 33 33
0257_0039_0035_0034_0034.jpg 1 39 35 34 34
0258_0041_0028_0039_0039.jpg 1 41 28 39 39
0259_0005_0023_0065_0065.jpg 1 5 23 65 65
0260_0039_0032_0050_0050.jpg 1 39 32 50 50
0261_0031_0042_0039_0039.jpg 1 31 42 39 39
0262_0047_0046_0046_0046.jpg 1 47 46 46 46
0263_0020_0019_0027_0027.jpg 1 20 19 27 27
0264_0015_0006_0050_0050.jpg 1 15 6 50 50
0265_0044_0009_0044_0044.jpg 1 44 9 44 44
0266_0027_0043_0047_0047.jpg 1 27 43 47 47
0267_0028_0041_0042_0042.jpg 1 28 41 42 42
0268_0023_0016_0035_0035.jpg 1 23 16 35 35
0269_0013_0010_0048_0048.jpg 1 13 10 48 48
0270_0047_0035_0038_0038.jpg 1 47 35 38 38
0271_0014_0025_0048_0048.jpg 1 14 25 48 48
0272_0033_0035_0034_0034.jpg 1 33 35 34 34
0273_0030_0037_0048_0048.jpg 1 30 37 48 48
0274_0026_0025_0036_0036.jpg 1 26 25 36 36
0275_0010_0021_0065_0065.jpg 1 10 21 65 65
0276_0014_0025_0029_0029.jpg 1 14 25 29 29
0277_0042_0008_0026_0026.jpg 1 42 8 26 26
0278_0051_0029_0035_0035.jpg 1 51 29 35 35
0279_0023_0006_0063_0063.jpg 1 23 6 63 63
0280_0005_0042_0049_0049.jpg 1 5 42 49 49
0281_0030_0029_0061_0061.jpg 1 30 29 61 61
0282_0047_0037_0035_0035.jpg 1 47 37 35 35
0283_0024_0042_0045_0045.jpg 1 24 42 45 45
0284_0033_0011_0058_0058.jpg 1 33 11 58 58
0285_0037_0044_0046_0046.jpg 1 37 44 46 46
0286_0026_0005_0058_0058.jpg 1 26 5 58 58
0287_0023_0034_0059_0059.jpg 1 23 34 59 59
0288_0030_0031_0055_0055.jpg 1 30 31 55 55
0289_0021_0029_0042_0042.jpg 1 21 29 42 42
0290_0040_0031_0033_0033.jpg 1 40 31 33 33
0291_0018_0021_0055_0055.jpg 1 18 21 55 55
0292_0034_0029_0040_0040.jpg 1 34 29 40 40
0293_0006_0021_0066_0066.jpg 1 6 21 66 66
0294_0032_0054_0039_0039.jpg 1 32 54 39 39
0295_0015_0042_0025_0025.jpg 1 15 42 25 25
0296_0015_0025_0038_0038.jpg 1 15 25 38 38
0297_0008_0023_0060_0060.jpg 1 8 23 60 60
0298_0032_0036_0056_0056.jpg 1 32 36 56 56
0299_0022_0024_0054_0054.jpg 1 22 24 54 54
0300_0007_0046_0038_0038.jpg 1 7 46 38 38
0301_0024_0041_0027_0027.jpg 1 24 41 27 27
0302_0039_0037_0040_0040.jpg 1 39 37 40 40
0303_0023_0013_0052_0052.jpg 1 23 13 52 52
0304_0036_0048_0041_0041.jpg 1 36 48 41 41
0305_0048_0012_0044_0044.jpg 1 48 12 44 44
0306_0029_0029_0053_0053.jpg 1 29 29 53 53
0307_0045_0021_0048_0048.jpg 1 45 21 48 48
0308_0014_0023_0054_0054.jpg 1 14 23 54 54
0309_0016_0025_0063_0063.jpg 1 16 25 63 63
0310_0011_0005_0063_0063.jpg 1 11 5 63 63
0311_0013_0011_0058_0058.jpg 1 13 11 58 58
0312_0039_0017_0042_0042.jpg 1 39 17 42 42
0313_0026_0051_0033_0033.jpg 1 26 51 33 33
0314_0059_0053_0024_0024.jpg 1 59 53 24 24
0315_0025_0019_0064_0064.jpg 1 25 19 64 64
0316_0030_0035_0055_0055.jpg 1 30 35 55 55
0317_0027_0026_0064_0064.jpg 1 27 26 64 64
0318_0006_0041_0047_0047.jpg 1 6 41 47 47
0319_0010_0010_0061_0061.jpg 1 10 10 61 61
0320_0033_0024_0052_0052.jpg 1 33 24 52 52
0321_0022_0014_0055_0055.jpg 1 22 14 55 55
0322_0033_0019_0055_0055.jpg 1 33 19 55 55
0323_0034_0011_0047_0047.jpg 1 34 11 47 47
0324_0039_0040_0027_0027.jpg 1 39 40 27 27
0325_0019_0007_0027_0027.jpg 1 19 7 27 27
0326_0028_0015_0067_0067.jpg 1 28 15 67 67
0327_0005_0031_0059_0059.jpg 1 5 31 59 59
0328_0059_0008_0032_0032.jpg 1 59 8 32 32
0329_0010_0029_0050_0050.jpg 1 10 29 50 50
0330_0006_0021_0043_0043.jpg 1 6 21 43 43
0331_0020_0020_0057_0057.jpg 1 20 20 57 57
0332_0009_0042_0036_0036.jpg 1 9 42 36 36
0333_0030_0046_0033_0033.jpg 1 30 46 33 33
0334_0017_0027_0033_0033.jpg 1 17 27 33 33
0335_0036_0009_0035_0035.jpg 1 36 9 35 35
0336_0008_0019_0059_0059.jpg 1 8 19 59 59
0337_0027_0025_0043_0043.jpg 1 27 25 43 43
0338_0014_0011_0056_0056.jpg 1 14 11 56 56
0339_0039_0035_0054_0054.jpg 1 39 35 54 54
0340_0018_0006_0049_0049.jpg 1 18 6 49 49
0341_0004_0018_0059_0059.jpg 1 4 18 59 59
0342_0023_0010_0068_0068.jpg 1 23 10 68 68
0343_0014_0024_0049_0049.jpg 1 14 24 49 49
0344_0007_0013_0057_0057.jpg 1 7 13 57 57
0345_0031_0024_0054_0054.jpg 1 31 24 54 54
0346_0022_0034_0055_0055.jpg 1 22 34 55 55
0347_0019_0014_0057_0057.jpg 1 19 14 57 57
0348_0038_0008_0036_0036.jpg 1 38 8 36 36
0349_0022_0016_0065_0065.jpg 1 22 16 65 65
0350_0035_0016_0054_0054.jpg 1 35 16 54 54
0351_0023_0016_0047_0047.jpg 1 23 16 47 47
0352_0045_0022_0037_0037.jpg 1 45 22 37 37
0353_0014_0014_0039_0039.jpg 1 14 14 39 39
0354_0031_0034_0062_0062.jpg 1 31 34 62 62
0355_0014_0046_0044_0044.jpg 1 14 46 44 44
0356_0015_0027_0067_0067.jpg 1 15 27 67 67
0357_0022_0016_0069_0069.jpg 1 22 16 69 69
0358_0021_0010_0067_0067.jpg 1 21 10 67 67
0359_0020_0004_0069_0069.jpg 1 20 4 69 69
0360_0011_0020_0045_0045.jpg 1 11 20 45 45
0361_0013_0008_0036_0036.jpg 1 13 8 36 36
0362_0013_0033_0044_0044.jpg 1 13 33 44 44
0363_0044_0037_0036_0036.jpg 1 44 37 36 36
0364_0023_0033_0062_0062.jpg 1 23 33 62 62
0365_0023_0023_0044_0044.jpg 1 23 23 44 44
0366_0047_0013_0024_0024.jpg 1 47 13 24 24
0367_0021_0028_0064_0064.jpg 1 21 28 64 64
0368_0026_0005_0059_0059.jpg 1 26 5 59 59
0369_0027_0017_0059_0059.jpg 1 27 17 59 59
0370_0048_0021_0025_0025.jpg 1 48 21 25 25
0371_0022_0043_0042_0042.jpg 1 22 43 42 42
0372_0034_0018_0058_0058.jpg 1 34 18 58 58
0373_0024_0025_0069_0069.jpg 1 24 25 69 69
0374_0045_0049_0040_0040.jpg 1 45 49 40 40
0375_0013_0054_0028_0028.jpg 1 13 54 28 28
0376_0045_0014_0029_0029.jpg 1 45 14 29 29
0377_0017_0007_0037_0037.jpg 1 17 7 37 37
0378_0024_0014_0066_0066.jpg 1 24 14 66 66
0379_0034_0052_0042_0042.jpg 1 34 52 42 42
0380_0013_0023_0058_0058.jpg 1 13 23 58 58
0381_0014_0009_0057_0057.jpg 1 14 9 57 57
0382_0026_0049_0039_0039.jpg 1 26 49 39 39
0383_0044_0024_0048_0048.jpg 1 44 24 48 48
0384_0028_0032_0054_0054.jpg 1 28 32 54 54
0385_0013_0024_0025_0025.jpg 1 13 24 25 25
0386_0027_0050_0024_0024.jpg 1 27 50 24 24
0387_0050_0035_0028_0028.jpg 1 50 35 28 28
0388_0009_0022_0069_0069.jpg 1 9 22 69 69
0389_0032_0037_0056_0056.jpg 1 32 37 56 56
0390_0011_0033_0042_0042.jpg 1 11 33 42 42
0391_0030_0043_0039_0039.jpg 1 30 43 39 39
0392_0034_0036_0052_0052.jpg 1 34 36 52 52
0393_0020_0021_0051_0051.jpg 1 20 21 51 51
0394_0030_0006_0049_0049.jpg 1 30 6 49 49
0395_0020_0004_0059_0059.jpg 1 20 4 59 59
0396_0006_0041_0047_0047.jpg 1 6 41 47 47
0397_0011_0034_0043_0043.jpg 1 11 34 43 43
0398_0014_0040_0043_0043.jpg 1 14 40 43 43
0399_0020_0021_0044_0044.jpg 1 20 21 44 44
0400_0026_0032_0060_0060.jpg 1 26 32 60 60
0401_0012_0020_0069_0069.jpg 1 12 20 69 69
0402_0044_0043_0027_0027.jpg 1 44 43 27 27
0403_0015_0008_0065_0065.jpg 1 15 8 65 65
0404_0024_0049_0031_0031.jpg 1 24 49 31 31
0405_0012_0026_0060_0060.jpg 1 12 26 60 60
0406_0021_0027_0066_0066.jpg 1 21 27 66 66
0407_0024_0029_0063_0063.jpg 1 24 29 63 63
0408_0003_0007_0063_0063.jpg 1 3 7 63 63
0409_0012_0042_0046_0046.jpg 1 12 42 46 46
0410_0015_0036_0057_0057.jpg 1 15 36 57 57
0411_0037_0024_0044_0044.jpg 1 37 24 44 44
0412_0041_0029_0044_0044.jpg 1 41 29 44 44
0413_0012_0006_0061_0061.jpg 1 12 6 61 61
0414_0019_0019_0057_0057.jpg 1 19 19 57 57
0415_0026_0019_0056_0056.jpg 1 26 19 56 56
0416_0029_0010_0060_0060.jpg 1 29 10 60 60
0417_0024_0020_0043_0043.jpg 1 24 20 43 43
0418_0014_0046_0025_0025.jpg 1 14 46 25 25
0419_0008_0007_0067_0067.jpg 1 8 7 67 67
0420_0015_0046_0040_0040.jpg 1 15 46 40 40
0421_0047_0031_0039_0039.jpg 1 47 31 39 39
0422_0013_0023_0064_0064.jpg 1 13 23 64 64
0423_0061_0025_0030_0030.jpg 1 61 25 30 30
0424_0013_0022_0046_0046.jpg 1 13 22 46 46
0425_0034_0006_0056_0056.jpg 1 34 6 56 56
0426_0025_0021_0061_0061.jpg 1 25 21 61 61
0427_0021_0041_0050_0050.jpg 1 21 41 50 50
0428_0020_0036_0045_0045.jpg 1 20 36 45 45
0429_0022_0023_0031_0031.jpg 1 22 23 31 31
0430_0048_0009_0028_0028.jpg 1 48 9 28 28
0431_0023_0033_0033_0033.jpg 1 23 33 33 33
0432_0007_0037_0040_0040.jpg 1 7 37 40 40
0433_0028_0022_0046_0046.jpg 1 28 22 46 46
0434_0012_0012_0051_0051.jpg 1 12 12 51 51
0435_0022_0014_0047_0047.jpg 1 22 14 47 47
0436_0017_0030_0025_0025.jpg 1 17 30 25 25
0437_0007_0034_0029_0029.jpg 1 7 34 29 29
0438_0031_0028_0028_0028.jpg 1 31 28 28 28
0439_0037_0035_0032_0032.jpg 1 37 35 32 32
0440_0022_0013_0048_0048.jpg 1 22 13 48 48
0441_0030_0030_0060_0060.jpg 1 30 30 60 60
0442_0030_0023_0031_0031.jpg 1 30 23 31 31
0443_0010_0033_0062_0062.jpg 1 10 33 62 62
0444_0043_0053_0026_0026.jpg 1 43 53 26 26
0445_0014_0043_0044_0044.jpg 1 14 43 44 44
0446_0046_0009_0028_0028.jpg 1 46 9 28 28
0447_0025_0037_0029_0029.jpg 1 25 37 29 29
0448_0046_0037_0046_0046.jpg 1 46 37 46 46
0449_0006_0036_0049_0049.jpg 1 6 36 49 49
0450_0016_0007_0044_0044.jpg 1 16 7 44 44
0451_0043_0049_0032_0032.jpg 1 43 49 32 32
0452_0019_0038_0036_0036.jpg 1 19 38 36 36
0453_0013_0007_0067_0067.jpg 1 13 7 67 67
0454_0044_0014_0048_0048.jpg 1 44 14 48 48
0455_0054_0008_0032_0032.jpg 1 54 8 32 32
0456_0038_0048_0033_0033.jpg 1 38 48 33 33
0457_0018_0035_0048_0048.jpg 1 18 35 48 48
0458_0012_0007_0036_0036.jpg 1 12 7 36 36
0459_0028_0022_0047_0047.jpg 1 28 22 47 47
0460_0031_0011_0059_0059.jpg 1 31 11 59 59
0461_0019_0014_0050_0050.jpg 1 19 14 50 50
0462_0008_0026_0045_0045.jpg 1 8 26 45 45
0463_0006_0017_0068_0068.jpg 1 6 17 68 68
0464_0061_0028_0026_0026.jpg 1 61 28 26 26
0465_0006_0007_0055_0055.jpg 1 6 7 55 55
0466_0016_0009_0045_0045.jpg 1 16 9 45 45
0467_0022_0026_0039_0039.jpg 1 22 26 39 39
0468_0034_0030_0036_0036.jpg 1 34 30 36 36
0469_0005_0007_0065_0065.jpg 1 5 7 65 65
0470_0063_0038_0026_0026.jpg 1 63 38 26 26
0471_0006_0018_0068_0068.jpg 1 6 18 68 68
0472_0018_0034_0047_0047.jpg 1 18 34 47 47
0473_0016_0023_0066_0066.jpg 1 16 23 66 66
0474_0042_0034_0043_0043.jpg 1 42 34 43 43
0475_0026_0028_0025_0025.jpg 1 26 28 25 25
0476_0021_0004_0060_0060.jpg 1 21 4 60 60
0477_0017_0012_0061_0061.jpg 1 17 12 61 61
0478_0038_0011_0054_0054.jpg 1 38 11 54 54
0479_0012_0003_0062_0062.jpg 1 12 3 62 62
0480_0033_0045_0029_0029.jpg 1 33 45 29 29
0481_0012_0011_0033_0033.jpg 1 12 11 33 33
0482_0010_0005_0068_0068.jpg 1 10 5 68 68
0483_0017_0050_0030_0030.jpg 1 17 50 30 30
0484_0031_0021_0029_0029.jpg 1 31 21 29 29
0485_0006_0038_0056_0056.jpg 1 6 38 56 56
0486_0038_0023_0052_0052.jpg 1 38 23 52 52
0487_0007_0016_0045_0045.jpg 1 7 16 45 45
0488_0031_0014_0057_0057.jpg 1 31 14 57 57
0489_0011_0020_0064_0064.jpg 1 11 20 64 64
0490_0047_0017_0032_0032.jpg 1 47 17 32 32
0491_0039_0037_0041_0041.jpg 1 39 37 41 41
0492_0028_0012_0057_0057.jpg 1 28 12 57 57
0493_0027_0029_0058_0058.jpg 1 27 29 58 58
0494_0028_0004_0060_0060.jpg 1 28 4 60 60
0495_0033_0023_0051_0051.jpg 1 33 23 51 51
0496_0023_0026_0054_0054.jpg 1 23 26 54 54
0497_0020_0033_0046_0046.jpg 1 20 33 46 46
0498_0038_0019_0055_0055.jpg 1 38 19 55 55
0499_0010_0012_0068_0068.jpg 1 10 12 68 68
0500_0029_0005_0065_0065.jpg 1 29 5 65 65
0501_0023_0031_0065_0065.jpg 1 23 31 65 65
0502_0007_0028_0031_0031.jpg 1 7 28 31 31
0503_0028_0007_0059_0059.jpg 1 28 7 59 59
0504_0009_0008_0066_0066.jpg 1 9 8 66 66
0505_0054_0066_0025_0025.jpg 1 54 66 25 25
0506_0021_0007_0038_0038.jpg 1 21 7 38 38
0507_0012_0009_0042_0042.jpg 1 12 9 42 42
0508_0036_0051_0035_0035.jpg 1 36 51 35 35
0509_0054_0024_0031_0031.jpg 1 54 24 31 31
0510_0036_0020_0057_0057.jpg 1 36 20 57 57
0511_0018_0021_0067_0067.jpg 1 18 21 67 67
0512_0023_0018_0067_0067.jpg 1 23 18 67 67
0513_0065_0031_0026_0026.jpg 1 65 31 26 26
0514_0010_0008_0030_0030.jpg 1 10 8 30 30
0515_0005_0028_0051_0051.jpg 1 5 28 51 51
0516_0011_0013_0064_0064.jpg 1 11 13 64 64
0517_0032_0008_0063_0063.jpg 1 32 8 63 63
0518_0020_0012_0042_0042.jpg 1 20 12 42 42
0519_0005_0011_0067_0067.jpg 1 5 11 67 67
0520_0033_0016_0057_0057.jpg 1 33 16 57 57
0521_0010_0038_0055_0055.jpg 1 10 38 55 55
0522_0018_0026_0058_0058.jpg 1 18 26 58 58
0523_0013_0006_0063_0063.jpg 1 13 6 63 63
0524_0012_0028_0043_0043.jpg 1 12 28 43 43
0525_0024_0019_0067_0067.jpg 1 24 19 67 67
0526_0023_0019_0065_0065.jpg 1 23 19 65 65
0527_0018_0007_0029_0029.jpg 1 18 7 29 29
0528_0042_0018_0024_0024.jpg 1 42 18 24 24
0529_0035_0022_0030_0030.jpg 1 35 22 30 30
0530_0029_0035_0031_0031.jpg 1 29 35 31 31
0531_0016_0042_0028_0028.jpg 1 16 42 28 28
0532_0029_0042_0045_0045.jpg 1 29 42 45 45
0533_0045_0046_0042_0042.jpg 1 45 46 42 42
0534_0041_0012_0041_0041.jpg 1 41 12 41 41
0535_0039_0018_0052_0052.jpg 1 39 18 52 52
0536_0021_0017_0045_0045.jpg 1 21 17 45 45
0537_0038_0018_0033_0033.jpg 1 38 18 33 33
0538_0055_0051_0026_0026.jpg 1 55 51 26 26
0539_0025_0025_0052_0052.jpg 1 25 25 52 52
0540_0019_0051_0030_0030.jpg 1 19 51 30 30
0541_0030_0016_0036_0036.jpg 1 30 16 36 36
0542_0021_0005_0051_0051.jpg 1 21 5 51 51
0543_0048_0016_0038_0038.jpg 1 48 16 38 38
0544_0027_0023_0052_0052.jpg 1 27 23 52 52
0545_0044_0009_0044_0044.jpg 1 44 9 44 44
0546_0032_0027_0031_0031.jpg 1 32 27 31 31
0547_0038_0063_0026_0026.jpg 1 38 63 26 26
0548_0017_0006_0069_0069.jpg 1 17 6 69 69
0549_0017_0029_0063_0063.jpg 1 17 29 63 63
0550_0011_0012_0042_0042.jpg 1 11 12 42 42
0551_0008_0034_0040_0040.jpg 1 8 34 40 40
0552_0022_0017_0067_0067.jpg 1 22 17 67 67
0553_0024_0021_0027_0027.jpg 1 24 21 27 27
0554_0009_0008_0056_0056.jpg 1 9 8 56 56
0555_0008_0025_0067_0067.jpg 1 8 25 67 67
0556_0064_0016_0027_0027.jpg 1 64 16 27 27
0557_0022_0036_0046_0046.jpg 1 22 36 46 46
0558_0056_0032_0036_0036.jpg 1 56 32 36 36
0559_0024_0024_0033_0033.jpg 1 24 24 33 33
0560_0014_0029_0058_0058.jpg 1 14 29 58 58
0561_0023_0040_0049_0049.jpg 1 23 40 49 49
0562_0008_0053_0038_0038.jpg 1 8 53 38 38
0563_0046_0044_0048_0048.jpg 1 46 44 48 48
0564_0033_0020_0048_0048.jpg 1 33 20 48 48
0565_0039_0029_0043_0043.jpg 1 39 29 43 43
0566_0049_0037_0037_0037.jpg 1 49 37 37 37
0567_0036_0022_0048_0048.jpg 1 36 22 48 48
0568_0014_0008_0062_0062.jpg 1 14 8 62 62
0569_0015_0016_0055_0055.jpg 1 15 16 55 55
0570_0017_0036_0047_0047.jpg 1 17 36 47 47
0571_0026_0016_0058_0058.jpg 1 26 16 58 58
0572_0064_0032_0028_0028.jpg 1 64 32 28 28
0573_0023_0044_0042_0042.jpg 1 23 44 42 42
0574_0013_0019_0028_0028.jpg 1 13 19 28 28
0575_0022_0006_0067_0067.jpg 1 22 6 67 67
0576_0027_0025_0067_0067.jpg 1 27 25 67 67
0577_0032_0034_0047_0047.jpg 1 32 34 47 47
0578_0018_0009_0032_0032.jpg 1 18 9 32 32
0579_0024_0015_0046_0046.jpg 1 24 15 46 46
0580_0019_0022_0069_0069.jpg 1 19 22 69 69
0581_0042_0034_0050_0050.jpg 1 42 34 50 50
0582_0065_0016_0025_0025.jpg 1 65 16 25 25
0583_0045_0047_0041_0041.jpg 1 45 47 41 41
0584_0024_0011_0052_0052.jpg 1 24 11 52 52
0585_0028_0058_0027_0027.jpg 1 28 58 27 27
0586_0012_0008_0044_0044.jpg 1 12 8 44 44
0587_0019_0041_0039_0039.jpg 1 19 41 39 39
0588_0016_0015_0035_0035.jpg 1 16 15 35 35
0589_0037_0016_0053_0053.jpg 1 37 16 53 53
0590_0042_0034_0038_0038.jpg 1 42 34 38 38
0591_0021_0035_0041_0041.jpg 1 21 35 41 41
0592_0012_0011_0067_0067.jpg 1 12 11 67 67
0593_0043_0010_0049_0049.jpg 1 43 10 49 49
0594_0009_0020_0034_0034.jpg 1 9 20 34 34
0595_0029_0057_0033_0033.jpg 1 29 57 33 33
0596_0052_0049_0029_0029.jpg 1 52 49 29 29
0597_0008_0023_0040_0040.jpg 1 8 23 40 40
0598_0057_0007_0035_0035.jpg 1 57 7 35 35
0599_0040_0015_0044_0044.jpg 1 40 15 44 44
0600_0043_0043_0048_0048.jpg 1 43 43 48 48
0601_0011_0021_0069_0069.jpg 1 11 21 69 69
0602_0014_0025_0068_0068.jpg 1 14 25 68 68
0603_0010_0021_0047_0047.jpg 1 10 21 47 47
0604_0004_0015_0067_0067.jpg 1 4 15 67 67
0605_0017_0011_0046_0046.jpg 1 17 11 46 46
0606_0030_0017_0045_0045.jpg 1 30 17 45 45
0607_0032_0005_0051_0051.jpg 1 32 5 51 51
0608_0019_0051_0030_0030.jpg 1 19 51 30 30
0609_0033_0011_0060_0060.jpg 1 33 11 60 60
0610_0023_0033_0054_0054.jpg 1 23 33 54 54
0611_0028_0007_0032_0032.jpg 1 28 7 32 32
0612_0030_0013_0034_0034.jpg 1 30 13 34 34
0613_0035_0057_0034_0034.jpg 1 35 57 34 34
0614_0022_0022_0032_0032.jpg 1 22 22 32 32
0615_0011_0020_0056_0056.jpg 1 11 20 56 56
0616_0023_0019_0035_0035.jpg 1 23 19 35 35
0617_0010_0034_0045_0045.jpg 1 10 34 45 45
0618_0008_0044_0042_0042.jpg 1 8 44 42 42
0619_0018_0034_0036_0036.jpg 1 18 34 36 36
0620_0029_0012_0062_0062.jpg 1 29 12 62 62
0621_0041_0059_0034_0034.jpg 1 41 59 34 34
0622_0037_0007_0036_0036.jpg 1 37 7 36 36
0623_0051_0030_0030_0030.jpg 1 51 30 30 30
0624_0009_0030_0063_0063.jpg 1 9 30 63 63
0625_0046_0023_0043_0043.jpg 1 46 23 43 43
0626_0005_0031_0061_0061.jpg 1 5 31 61 61
0627_0008_0016_0055_0055.jpg 1 8 16 55 55
0628_0029_0023_0048_0048.jpg 1 29 23 48 48
0629_0049_0014_0035_0035.jpg 1 49 14 35 35
0630_0028_0012_0066_0066.jpg 1 28 12 66 66
0631_0030_0024_0063_0063.jpg 1 30 24 63 63
0632_0048_0033_0045_0045.jpg 1 48 33 45 45
0633_0010_0030_0065_0065.jpg 1 10 30 65 65
0634_0012_0013_0053_0053.jpg 1 12 13 53 53
0635_0030_0033_0058_0058.jpg 1 30 33 58 58
0636_0027_0015_0055_0055.jpg 1 27 15 55 55
0637_0018_0012_0055_0055.jpg 1 18 12 55 55
0638_0007_0006_0053_0053.jpg 1 7 6 53 53
0639_0033_0017_0025_0025.jpg 1 33 17 25 25
0640_0028_0029_0056_0056.jpg 1 28 29 56 56
0641_0020_0011_0050_0050.jpg 1 20 11 50 50
0642_0011_0018_0058_0058.jpg 1 11 18 58 58
0643_0023_0033_0053_0053.jpg 1 23 33 53 53
0644_0047_0027_0038_0038.jpg 1 47 27 38 38
0645_0006_0027_0069_0069.jpg 1 6 27 69 69
0646_0009_0056_0035_0035.jpg 1 9 56 35 35
0647_0005_0013_0069_0069.jpg 1 5 13 69 69
0648_0026_0032_0054_0054.jpg 1 26 32 54 54
0649_0014_0029_0046_0046.jpg 1 14 29 46 46
0650_0066_0036_0026_0026.jpg 1 66 36 26 26
0651_0017_0033_0040_0040.jpg 1 17 33 40 40
0652_0025_0050_0025_0025.jpg 1 25 50 25 25
0653_0021_0059_0029_0029.jpg 1 21 59 29 29
0654_0025_0029_0067_0067.jpg 1 25 29 67 67
0655_0014_0023_0068_0068.jpg 1 14 23 68 68
0656_0034_0027_0027_0027.jpg 1 34 27 27 27
0657_0023_0015_0061_0061.jpg 1 23 15 61 61
0658_0023_0045_0030_0030.jpg 1 23 45 30 30
0659_0010_0043_0031_0031.jpg 1 10 43 31 31
0660_0053_0053_0024_0024.jpg 1 53 53 24 24
0661_0017_0021_0065_0065.jpg 1 17 21 65 65
0662_0006_0027_0068_0068.jpg 1 6 27 68 68
0663_0045_0044_0029_0029.jpg 1 45 44 29 29
0664_0006_0037_0041_0041.jpg 1 6 37 41 41
0665_0034_0010_0042_0042.jpg 1 34 10 42 42
0666_0026_0012_0054_0054.jpg 1 26 12 54 54
0667_0014_0020_0069_0069.jpg 1 14 20 69 69
0668_0014_0030_0063_0063.jpg 1 14 30 63 63
0669_0034_0018_0043_0043.jpg 1 34 18 43 43
0670_0039_0011_0043_0043.jpg 1 39 11 43 43
0671_0007_0021_0058_0058.jpg 1 7 21 58 58
0672_0049_0013_0033_0033.jpg 1 49 13 33 33
0673_0030_0018_0026_0026.jpg 1 30 18 26 26
0674_0006_0023_0057_0057.jpg 1 6 23 57 57
0675_0022_0007_0057_0057.jpg 1 22 7 57 57
0676_0059_0053_0031_0031.jpg 1 59 53 31 31
0677_0025_0032_0054_0054.jpg 1 25 32 54 54
0678_0024_0041_0024_0024.jpg 1 24 41 24 24
0679_0057_0055_0036_0036.jpg 1 57 55 36 36
0680_0044_0048_0044_0044.jpg 1 44 48 44 44
0681_0033_0022_0049_0049.jpg 1 33 22 49 49
0682_0015_0016_0058_0058.jpg 1 15 16 58 58
0683_0037_0012_0036_0036.jpg 1 37 12 36 36
0684_0013_0011_0057_0057.jpg 1 13 11 57 57
0685_0046_0021_0044_0044.jpg 1 46 21 44 44
0686_0013_0056_0025_0025.jpg 1 13 56 25 25
0687_0022_0038_0033_0033.jpg 1 22 38 33 33
0688_0054_0022_0038_0038.jpg 1 54 22 38 38
0689_0059_0029_0027_0027.jpg 1 59 29 27 27
0690_0019_0043_0032_0032.jpg 1 19 43 32 32
0691_0004_0013_0061_0061.jpg 1 4 13 61 61
0692_0025_0038_0043_0043.jpg 1 25 38 43 43
0693_0004_0004_0064_0064.jpg 1 4 4 64 64
0694_0061_0011_0028_0028.jpg 1 61 11 28 28
0695_0026_0009_0049_0049.jpg 1 26 9 49 49
0696_0026_0025_0068_0068.jpg 1 26 25 68 68
0697_0023_0015_0041_0041.jpg 1 23 15 41 41
0698_0019_0028_0049_0049.jpg 1 19 28 49 49
0699_0045_0031_0049_0049.jpg 1 45 31 49 49
0700_0027_0013_0069_0069.jpg 1 27 13 69 69
0701_0024_0027_0069_0069.jpg 1 24 27 69 69
0702_0027_0014_0049_0049.jpg 1 27 14 49 49
0703_0042_0020_0037_0037.jpg 1 42 20 37 37
0704_0048_0021_0030_0030.jpg 1 48 21 30 30
0705_0046_0043_0046_0046.jpg 1 46 43 46 46
0706_0006_0022_0061_0061.jpg 1 6 22 61 61
0707_0050_0033_0041_0041.jpg 1 50 33 41 41
0708_0046_0034_0046_0046.jpg 1 46 34 46 46
0709_0031_0008_0047_0047.jpg 1 31 8 47 47
0710_0004_0010_0062_0062.jpg 1 4 10 62 62
0711_0045_0005_0048_0048.jpg 1 45 5 48 48
0712_0016_0051_0030_0030.jpg 1 16 51 30 30
0713_0027_0035_0053_0053.jpg 1 27 35 53 53
0714_0028_0006_0062_0062.jpg 1 28 6 62 62
0715_0037_0026_0058_0058.jpg 1 37 26 58 58
0716_0025_0051_0043_0043.jpg 1 25 51 43 43
0717_0032_0062_0030_0030.jpg 1 32 62 30 30
0718_0014_0031_0058_0058.jpg 1 14 31 58 58
0719_0020_0059_0032_0032.jpg 1 20 59 32 32
0720_0019_0029_0067_0067.jpg 1 19 29 67 67
0721_0016_0034_0056_0056.jpg 1 16 34 56 56
0722_0028_0046_0041_0041.jpg 1 28 46 41 41
0723_0037_0017_0032_0032.jpg 1 37 17 32 32
0724_0060_0041_0032_0032.jpg 1 60 41 32 32
0725_0010_0021_0025_0025.jpg 1 10 21 25 25
0726_0040_0008_0050_0050.jpg 1 40 8 50 50
0727_0009_0010_0062_0062.jpg 1 9 10 62 62
0728_0030_0010_0044_0044.jpg 1 30 10 44 44
0729_0026_0024_0052_0052.jpg 1 26 24 52 52
0730_0010_0017_0064_0064.jpg 1 10 17 64 64
0731_0027_0026_0036_0036.jpg 1 27 26 36 36
0732_0008_0031_0050_0050.jpg 1 8 31 50 50
0733_0032_0008_0059_0059.jpg 1 32 8 59 59
0734_0023_0043_0048_0048.jpg 1 23 43 48 48
0735_0013_0018_0059_0059.jpg 1 13 18 59 59
0736_0019_0037_0030_0030.jpg 1 19 37 30 30
0737_0018_0043_0041_0041.jpg 1 18 43 41 41
0738_0024_0027_0054_0054.jpg 1 24 27 54 54
0739_0032_0040_0052_0052.jpg 1 32 40 52 52
0740_0043_0045_0049_0049.jpg 1 43 45 49 49
0741_0034_0019_0052_0052.jpg 1 34 19 52 52
0742_0029_0032_0052_0052.jpg 1 29 32 52 52
0743_0043_0011_0042_0042.jpg 1 43 11 42 42
0744_0014_0034_0056_0056.jpg 1 14 34 56 56
0745_0010_0017_0025_0025.jpg 1 10 17 25 25
0746_0015_0021_0059_0059.jpg 1 15 21 59 59
0747_0050_0031_0035_0035.jpg 1 50 31 35 35
0748_0035_0041_0038_0038.jpg 1 35 41 38 38
0749_0017_0013_0030_0030.jpg 1 17 13 30 30
0750_0044_0030_0049_0049.jpg 1 44 30 49 49
0751_0049_0037_0041_0041.jpg 1 49 37 41 41
0752_0026_0030_0063_0063.jpg 1 26 30 63 63
0753_0029_0037_0049_0049.jpg 1 29 37 49 49
0754_0035_0051_0033_0033.jpg 1 35 51 33 33
0755_0025_0039_0034_0034.jpg 1 25 39 34 34
0756_0022_0026_0069_0069.jpg 1 22 26 69 69
0757_0018_0022_0061_0061.jpg 1 18 22 61 61
0758_0041_0016_0043_0043.jpg 1 41 16 43 43
0759_0018_0015_0033_0033.jpg 1 18 15 33 33
0760_0010_0038_0052_0052.jpg 1 10 38 52 52
0761_0008_0010_0067_0067.jpg 1 8 10 67 67
0762_0028_0009_0062_0062.jpg 1 28 9 62 62
0763_0045_0014_0044_0044.jpg 1 45 14 44 44
0764_0021_0020_0048_0048.jpg 1 21 20 48 48
0765_0049_0047_0039_0039.jpg 1 49 47 39 39
0766_0012_0026_0061_0061.jpg 1 12 26 61 61
0767_0040_0028_0028_0028.jpg 1 40 28 28 28
0768_0011_0027_0058_0058.jpg 1 11 27 58 58
0769_0052_0015_0036_0036.jpg 1 52 15 36 36
0770_0064_0048_0028_0028.jpg 1 64 48 28 28
0771_0032_0019_0026_0026.jpg 1 32 19 26 26
0772_0039_0037_0038_0038.jpg 1 39 37 38 38
0773_0028_0009_0043_0043.jpg 1 28 9 43 43
0774_0024_0023_0068_0068.jpg 1 24 23 68 68
0775_0029_0019_0046_0046.jpg 1 29 19 46 46
0776_0025_0017_0062_0062.jpg 1 25 17 62 62
0777_0027_0015_0060_0060.jpg 1 27 15 60 60
0778_0033_0032_0051_0051.jpg 1 33 32 51 51
0779_0012_0024_0054_0054.jpg 1 12 24 54 54
0780_0027_0032_0027_0027.jpg 1 27 32 27 27
0781_0022_0044_0048_0048.jpg 1 22 44 48 48
0782_0016_0036_0050_0050.jpg 1 16 36 50 50
0783_0010_0020_0058_0058.jpg 1 10 20 58 58
0784_0027_0027_0042_0042.jpg 1 27 27 42 42
0785_0032_0022_0049_0049.jpg 1 32 22 49 49
0786_0023_0011_0053_0053.jpg 1 23 11 53 53
0787_0035_0039_0044_0044.jpg 1 35 39 44 44
0788_0051_0056_0024_0024.jpg 1 51 56 24 24
0789_0026_0053_0035_0035.jpg 1 26 53 35 35
0790_0011_0033_0024_0024.jpg 1 11 33 24 24
0791_0022_0029_0067_0067.jpg 1 22 29 67 67
0792_0018_0009_0065_0065.jpg 1 18 9 65 65
0793_0040_0020_0052_0052.jpg 1 40 20 52 52
0794_0021_0020_0048_0048.jpg 1 21 20 48 48
0795_0025_0017_0069_0069.jpg 1 25 17 69 69
0796_0056_0031_0034_0034.jpg 1 56 31 34 34
0797_0035_0055_0032_0032.jpg 1 35 55 32 32
0798_0041_0011_0035_0035.jpg 1 41 11 35 35
0799_0032_0045_0041_0041.jpg 1 32 45 41 41
0800_0022_0041_0050_0050.jpg 1 22 41 50 50
0801_0012_0026_0061_0061.jpg 1 12 26 61 61
0802_0029_0014_0061_0061.jpg 1 29 14 61 61
0803_0044_0022_0028_0028.jpg 1 44 22 28 28
0804_0023_0057_0026_0026.jpg 1 23 57 26 26
0805_0048_0028_0045_0045.jpg 1 48 28 45 45
0806_0019_0014_0056_0056.jpg 1 19 14 56 56
0807_0022_0011_0038_0038.jpg 1 22 11 38 38
0808_0017_0033_0045_0045.jpg 1 17 33 45 45
0809_0031_0026_0038_0038.jpg 1 31 26 38 38
0810_0017_0006_0040_0040.jpg 1 17 6 40 40
0811_0032_0016_0063_0063.jpg 1 32 16 63 63
0812_0007_0017_0045_0045.jpg 1 7 17 45 45
0813_0047_0038_0037_0037.jpg 1 47 38 37 37
0814_0021_0008_0038_0038.jpg 1 21 8 38 38
0815_0011_0038_0043_0043.jpg 1 11 38 43 43
0816_0010_0046_0034_0034.jpg 1 10 46 34 34
0817_0013_0049_0031_0031.jpg 1 13 49 31 31
0818_0021_0040_0038_0038.jpg 1 21 40 38 38
0819_0057_0062_0026_0026.jpg 1 57 62 26 26
0820_0009_0005_0051_0051.jpg 1 9 5 51 51
0821_0035_0027_0040_0040.jpg 1 35 27 40 40
0822_0015_0065_0025_0025.jpg 1 15 65 25 25
0823_0026_0031_0063_0063.jpg 1 26 31 63 63
0824_0036_0044_0035_0035.jpg 1 36 44 35 35
0825_0034_0015_0061_0061.jpg 1 34 15 61 61
0826_0024_0062_0025_0025.jpg 1 24 62 25 25
0827_0020_0036_0051_0051.jpg 1 20 36 51 51
0828_0019_0045_0035_0035.jpg 1 19 45 35 35
0829_0044_0023_0050_0050.jpg 1 44 23 50 50
0830_0011_0009_0068_0068.jpg 1 11 9 68 68
0831_0030_0022_0053_0053.jpg 1 30 22 53 53
0832_0032_0030_0041_0041.jpg 1 32 30 41 41
0833_0048_0023_0031_0031.jpg 1 48 23 31 31
0834_0029_0020_0047_0047.jpg 1 29 20 47 47
0835_0053_0050_0029_0029.jpg 1 53 50 29 29
0836_0011_0020_0033_0033.jpg 1 11 20 33 33
0837_0051_0029_0028_0028.jpg 1 51 29 28 28
0838_0009_0004_0064_0064.jpg 1 9 4 64 64
0839_0057_0028_0030_0030.jpg 1 57 28 30 30
0840_0039_0051_0034_0034.jpg 1 39 51 34 34
0841_0042_0022_0033_0033.jpg 1 42 22 33 33
0842_0003_0004_0069_0069.jpg 1 3 4 69 69
0843_0014_0054_0030_0030.jpg 1 14 54 30 30
0844_0023_0035_0051_0051.jpg 1 23 35 51 51
0845_0014_0014_0045_0045.jpg 1 14 14 45 45
0846_0023_0034_0038_0038.jpg 1 23 34 38 38
0847_0045_0053_0030_0030.jpg 1 45 53 30 30
0848_0016_0021_0055_0055.jpg 1 16 21 55 55
0849_0053_0035_0030_0030.jpg 1 53 35 30 30
0850_0007_0033_0035_0035.jpg 1 7 33 35 35
0851_0019_0020_0051_0051.jpg 1 19 20 51 51
0852_0042_0025_0030_0030.jpg 1 42 25 30 30
0853_0016_0012_0060_0060.jpg 1 16 12 60 60
0854_0034_0015_0044_0044.jpg 1 34 15 44 44
0855_0050_0008_0030_0030.jpg 1 50 8 30 30
0856_0020_0066_0025_0025.jpg 1 20 66 25 25
0857_0029_0036_0051_0051.jpg 1 29 36 51 51
0858_0023_0043_0038_0038.jpg 1 23 43 38 38
0859_0032_0028_0051_0051.jpg 1 32 28 51 51
0860_0035_0012_0052_0052.jpg 1 35 12 52 52
0861_0012_0022_0051_0051.jpg 1 12 22 51 51
0862_0046_0014_0043_0043.jpg 1 46 14 43 43
0863_0014_0025_0040_0040.jpg 1 14 25 40 40
0864_0007_0051_0033_0033.jpg 1 7 51 33 33
0865_0041_0044_0046_0046.jpg 1 41 44 46 46
0866_0050_0023_0031_0031.jpg 1 50 23 31 31
0867_0013_0048_0034_0034.jpg 1 13 48 34 34
0868_0035_0045_0037_0037.jpg 1 35 45 37 37
0869_0008_0020_0063_0063.jpg 1 8 20 63 63
0870_0027_0033_0059_0059.jpg 1 27 33 59 59
0871_0035_0017_0053_0053.jpg 1 35 17 53 53
0872_0036_0045_0040_0040.jpg 1 36 45 40 40
0873_0030_0033_0046_0046.jpg 1 30 33 46 46
0874_0024_0027_0036_0036.jpg 1 24 27 36 36
0875_0058_0039_0028_0028.jpg 1 58 39 28 28
0876_0019_0050_0034_0034.jpg 1 19 50 34 34
0877_0061_0059_0025_0025.jpg 1 61 59 25 25
0878_0008_0006_0045_0045.jpg 1 8 6 45 45
0879_0024_0018_0041_0041.jpg 1 24 18 41 41
0880_0029_0014_0052_0052.jpg 1 29 14 52 52
0881_0006_0017_0039_0039.jpg 1 6 17 39 39
0882_0045_0028_0039_0039.jpg 1 45 28 39 39
0883_0030_0008_0064_0064.jpg 1 30 8 64 64
0884_0048_0042_0034_0034.jpg 1 48 42 34 34
0885_0017_0035_0034_0034.jpg 1 17 35 34 34
0886_0011_0011_0035_0035.jpg 1 11 11 35 35
0887_0014_0025_0064_0064.jpg 1 14 25 64 64
0888_0010_0027_0045_0045.jpg 1 10 27 45 45
0889_0051_0044_0038_0038.jpg 1 51 44 38 38
0890_0012_0038_0045_0045.jpg 1 12 38 45 45
0891_0018_0007_0057_0057.jpg 1 18 7 57 57
0892_0030_0008_0024_0024.jpg 1 30 8 24 24
0893_0023_0003_0068_0068.jpg 1 23 3 68 68
0894_0015_0006_0061_0061.jpg 1 15 6 61 61
0895_0026_0036_0050_0050.jpg 1 26 36 50 50
0896_0016_0021_0055_0055.jpg 1 16 21 55 55
0897_0050_0048_0038_0038.jpg 1 50 48 38 38
0898_0044_0012_0046_0046.jpg 1 44 12 46 46
0899_0017_0013_0055_0055.jpg 1 17 13 55 55
0900_0032_0032_0046_0046.jpg 1 32 32 46 46
0901_0021_0010_0058_0058.jpg 1 21 10 58 58
0902_0006_0012_0036_0036.jpg 1 6 12 36 36
0903_0056_0045_0029_0029.jpg 1 56 45 29 29
0904_0024_0006_0051_0051.jpg 1 24 6 51 51
0905_0011_0012_0063_0063.jpg 1 11 12 63 63
0906_0023_0042_0039_0039.jpg 1 23 42 39 39
0907_0030_0035_0031_0031.jpg 1 30 35 31 31
0908_0029_0036_0059_0059.jpg 1 29 36 59 59
0909_0032_0021_0024_0024.jpg 1 32 21 24 24
0910_0008_0051_0041_0041.jpg 1 8 51 41 41
0911_0016_0033_0058_0058.jpg 1 16 33 58 58
0912_0005_0029_0063_0063.jpg 1 5 29 63 63
0913_0040_0038_0036_0036.jpg 1 40 38 36 36
0914_0011_0029_0054_0054.jpg 1 11 29 54 54
0915_0058_0036_0027_0027.jpg 1 58 36 27 27
0916_0005_0009_0063_0063.jpg 1 5 9 63 63
0917_0028_0008_0063_0063.jpg 1 28 8 63 63
0918_0029_0032_0038_0038.jpg 1 29 32 38 38
0919_0062_0048_0030_0030.jpg 1 62 48 30 30
0920_0032_0020_0038_0038.jpg 1 32 20 38 38
0921_0023_0023_0059_0059.jpg 1 23 23 59 59
0922_0007_0023_0037_0037.jpg 1 7 23 37 37
0923_0013_0042_0030_0030.jpg 1 13 42 30 30
0924_0025_0027_0068_0068.jpg 1 25 27 68 68
0925_0005_0026_0047_0047.jpg 1 5 26 47 47
0926_0010_0006_0062_0062.jpg 1 10 6 62 62
0927_0011_0022_0067_0067.jpg 1 11 22 67 67
0928_0047_0056_0032_0032.jpg 1 47 56 32 32
0929_0029_0018_0055_0055.jpg 1 29 18 55 55
0930_0035_0039_0055_0055.jpg 1 35 39 55 55
0931_0021_0019_0061_0061.jpg 1 21 19 61 61
0932_0006_0003_0066_0066.jpg 1 6 3 66 66
0933_0015_0005_0051_0051.jpg 1 15 5 51 51
0934_0050_0012_0043_0043.jpg 1 50 12 43 43
0935_0018_0020_0052_0052.jpg 1 18 20 52 52
0936_0018_0013_0058_0058.jpg 1 18 13 58 58
0937_0024_0047_0045_0045.jpg 1 24 47 45 45
0938_0020_0015_0047_0047.jpg 1 20 15 47 47
0939_0056_0058_0025_0025.jpg 1 56 58 25 25
0940_0030_0011_0059_0059.jpg 1 30 11 59 59
0941_0014_0034_0045_0045.jpg 1 14 34 45 45
0942_0012_0027_0025_0025.jpg 1 12 27 25 25
0943_0045_0025_0042_0042.jpg 1 45 25 42 42
0944_0048_0028_0024_0024.jpg 1 48 28 24 24
0945_0029_0007_0066_0066.jpg 1 29 7 66 66
0946_0012_0047_0025_0025.jpg 1 12 47 25 25
0947_0043_0007_0047_0047.jpg 1 43 7 47 47
0948_0004_0022_0060_0060.jpg 1 4 22 60 60
0949_0041_0036_0049_0049.jpg 1 41 36 49 49
0950_0018_0047_0043_0043.jpg 1 18 47 43 43
0951_0008_0022_0050_0050.jpg 1 8 22 50 50
0952_0020_0028_0061_0061.jpg 1 20 28 61 61
0953_0028_0033_0051_0051.jpg 1 28 33 51 51
0954_0032_0024_0053_0053.jpg 1 32 24 53 53
0955_0016_0012_0062_0062.jpg 1 16 12 62 62
0956_0044_0024_0032_0032.jpg 1 44 24 32 32
0957_0012_0005_0054_0054.jpg 1 12 5 54 54
0958_0011_0021_0054_0054.jpg 1 11 21 54 54
0959_0007_0017_0028_0028.jpg 1 7 17 28 28
0960_0055_0019_0029_0029.jpg 1 55 19 29 29
0961_0035_0054_0028_0028.jpg 1 35 54 28 28
0962_0033_0041_0038_0038.jpg 1 33 41 38 38
0963_0020_0045_0035_0035.jpg 1 20 45 35 35
0964_0031_0023_0054_0054.jpg 1 31 23 54 54
0965_0031_0036_0051_0051.jpg 1 31 36 51 51
0966_0051_0049_0035_0035.jpg 1 51 49 35 35
0967_0036_0056_0028_0028.jpg 1 36 56 28 28
0968_0017_0005_0063_0063.jpg 1 17 5 63 63
0969_0017_0006_0038_0038.jpg 1 17 6 38 38
0970_0031_0025_0062_0062.jpg 1 31 25 62 62
0971_0020_0041_0026_0026.jpg 1 20 41 26 26
0972_0007_0006_0066_0066.jpg 1 7 6 66 66
0973_0045_0016_0029_0029.jpg 1 45 16 29 29
0974_0050_0031_0029_0029.jpg 1 50 31 29 29
0975_0024_0037_0054_0054.jpg 1 24 37 54 54
0976_0030_0007_0050_0050.jpg 1 30 7 50 50
0977_0041_0010_0031_0031.jpg 1 41 10 31 31
0978_0042_0016_0050_0050.jpg 1 42 16 50 50
0979_0021_0024_0036_0036.jpg 1 21 24 36 36
0980_0027_0010_0037_0037.jpg 1 27 10 37 37
0981_0018_0018_0034_0034.jpg 1 18 18 34 34
0982_0061_0054_0030_0030.jpg 1 61 54 30 30
0983_0040_0019_0040_0040.jpg 1 40 19 40 40
0984_0017_0007_0039_0039.jpg 1 17 7 39 39
0985_0028_0017_0067_0067.jpg 1 28 17 67 67
0986_0006_0026_0048_0048.jpg 1 6 26 48 48
0987_0026_0021_0057_0057.jpg 1 26 21 57 57
0988_0012_0043_0026_0026.jpg 1 12 43 26 26
0989_0028_0020_0059_0059.jpg 1 28 20 59 59
0990_0027_0051_0042_0042.jpg 1 27 51 42 42
0991_0005_0020_0065_0065.jpg 1 5 20 65 65
0992_0026_0009_0060_0060.jpg 1 26 9 60 60
0993_0029_0039_0043_0043.jpg 1 29 39 43 43
0994_0049_0043_0024_0024.jpg 1 49 43 24 24
0995_0016_0050_0039_0039.jpg 1 16 50 39 39
0996_0018_0028_0062_0062.jpg 1 18 28 62 62
0997_0024_0042_0039_0039.jpg 1 24 42 39 39
0998_0053_0036_0031_0031.jpg 1 53 36 31 31
0999_0049_0036_0042_0042.jpg 1 49 36 42 42
1000_0008_0041_0053_0053.jpg 1 8 41 53 53
1001_0039_0037_0037_0037.jpg 1 39 37 37 37
1002_0062_0030_0030_0030.jpg 1 62 30 30 30
1003_0047_0019_0036_0036.jpg 1 47 19 36 36
1004_0027_0017_0061_0061.jpg 1 27 17 61 61
1005_0006_0056_0037_0037.jpg 1 6 56 37 37
1006_0033_0014_0056_0056.jpg 1 33 14 56 56
1007_0010_0020_0031_0031.jpg 1 10 20 31 31
1008_0012_0050_0042_0042.jpg 1 12 50 42 42
1009_0046_0036_0027_0027.jpg 1 46 36 27 27
1010_0021_0036_0048_0048.jpg 1 21 36 48 48
1011_0045_0042_0031_0031.jpg 1 45 42 31 31
1012_0008_0007_0064_0064.jpg 1 8 7 64 64
1013_0023_0022_0041_0041.jpg 1 23 22 41 41
1014_0029_0012_0025_0025.jpg 1 29 12 25 25
1015_0034_0012_0059_0059.jpg 1 34 12 59 59
1016_0004_0016_0062_0062.jpg 1 4 16 62 62
1017_0008_0017_0061_0061.jpg 1 8 17 61 61
1018_0019_0027_0064_0064.jpg 1 19 27 64 64
1019_0049_0010_0028_0028.jpg 1 49 10 28 28
1020_0041_0006_0052_0052.jpg 1 41 6 52 52
1021_0018_0019_0065_0065.jpg 1 18 19 65 65
1022_0046_0031_0040_0040.jpg 1 46 31 40 40
1023_0020_0012_0067_0067.jpg 1 20 12 67 67
1024_0044_0049_0043_0043.jpg 1 44 49 43 43
1025_0005_0016_0062_0062.jpg 1 5 16 62 62
1026_0026_0019_0069_0069.jpg 1 26 19 69 69
1027_0027_0006_0035_0035.jpg 1 27 6 35 35
1028_0014_0018_0051_0051.jpg 1 14 18 51 51
1029_0051_0019_0033_0033.jpg 1 51 19 33 33
1030_0030_0011_0046_0046.jpg 1 30 11 46 46
1031_0039_0017_0026_0026.jpg 1 39 17 26 26
1032_0033_0056_0024_0024.jpg 1 33 56 24 24
1033_0033_0027_0058_0058.jpg 1 33 27 58 58
1034_0032_0051_0038_0038.jpg 1 32 51 38 38
1035_0024_0020_0058_0058.jpg 1 24 20 58 58
1036_0013_0021_0066_0066.jpg 1 13 21 66 66
1037_0061_0059_0024_0024.jpg 1 61 59 24 24
1038_0014_0042_0046_0046.jpg 1 14 42 46 46
1039_0031_0016_0051_0051.jpg 1 31 16 51 51
1040_0050_0064_0024_0024.jpg 1 50 64 24 24
1041_0028_0044_0025_0025.jpg 1 28 44 25 25
1042_0054_0021_0038_0038.jpg 1 54 21 38 38
1043_0054_0018_0024_0024.jpg 1 54 18 24 24
1044_0026_0024_0066_0066.jpg 1 26 24 66 66
1045_0013_0047_0025_0025.jpg 1 13 47 25 25
1046_0026_0035_0048_0048.jpg 1 26 35 48 48
1047_0017_0031_0036_0036.jpg 1 17 31 36 36
1048_0016_0018_0029_0029.jpg 1 16 18 29 29
1049_0010_0023_0057_0057.jpg 1 10 23 57 57
1050_0012_0017_0057_0057.jpg 1 12 17 57 57
1051_0022_0007_0045_0045.jpg 1 22 7 45 45
1052_0014_0020_0067_0067.jpg 1 14 20 67 67
1053_0033_0023_0025_0025.jpg 1 33 23 25 25
1054_0010_0028_0066_0066.jpg 1 10 28 66 66
1055_0018_0016_0066_0066.jpg 1 18 16 66 66
1056_0023_0033_0056_0056.jpg 1 23 33 56 56
1057_0012_0059_0027_0027.jpg 1 12 59 27 27
1058_0052_0013_0034_0034.jpg 1 52 13 34 34
1059_0010_0030_0065_0065.jpg 1 10 30 65 65
1060_0018_0009_0057_0057.jpg 1 18 9 57 57
1061_0020_0031_0051_0051.jpg 1 20 31 51 51
1062_0007_0031_0034_0034.jpg 1 7 31 34 34
1063_0009_0025_0068_0068.jpg 1 9 25 68 68
1064_0016_0031_0064_0064.jpg 1 16 31 64 64
1065_0044_0012_0042_0042.jpg 1 44 12 42 42
1066_0030_0021_0057_0057.jpg 1 30 21 57 57
1067_0011_0013_0061_0061.jpg 1 11 13 61 61
1068_0025_0033_0030_0030.jpg 1 25 33 30 30
1069_0014_0028_0065_0065.jpg 1 14 28 65 65
1070_0065_0056_0024_0024.jpg 1 65 56 24 24
1071_0031_0005_0064_0064.jpg 1 31 5 64 64
1072_0015_0040_0052_0052.jpg 1 15 40 52 52
1073_0033_0019_0026_0026.jpg 1 33 19 26 26
1074_0033_0011_0063_0063.jpg 1 33 11 63 63
1075_0040_0017_0034_0034.jpg 1 40 17 34 34
1076_0031_0006_0063_0063.jpg 1 31 6 63 63
1077_0017_0023_0063_0063.jpg 1 17 23 63 63
1078_0044_0024_0046_0046.jpg 1 44 24 46 46
1079_0037_0052_0040_0040.jpg 1 37 52 40 40
1080_0020_0017_0056_0056.jpg 1 20 17 56 56
1081_0034_0007_0048_0048.jpg 1 34 7 48 48
1082_0010_0021_0033_0033.jpg 1 10 21 33 33
1083_0020_0045_0049_0049.jpg 1 20 45 49 49
1084_0014_0031_0054_0054.jpg 1 14 31 54 54
1085_0013_0024_0030_0030.jpg 1 13 24 30 30
1086_0035_0032_0054_0054.jpg 1 35 32 54 54
1087_0036_0023_0034_0034.jpg 1 36 23 34 34
1088_0025_0027_0064_0064.jpg 1 25 27 64 64
1089_0018_0005_0059_0059.jpg 1 18 5 59 59
1090_0036_0009_0034_0034.jpg 1 36 9 34 34
1091_0052_0055_0038_0038.jpg 1 52 55 38 38
1092_0036_0022_0049_0049.jpg 1 36 22 49 49
1093_0035_0039_0034_0034.jpg 1 35 39 34 34
1094_0024_0055_0035_0035.jpg 1 24 55 35 35
1095_0018_0012_0034_0034.jpg 1 18 12 34 34
1096_0020_0012_0058_0058.jpg 1 20 12 58 58
1097_0041_0015_0045_0045.jpg 1 41 15 45 45
1098_0064_0013_0024_0024.jpg 1 64 13 24 24
1099_0010_0008_0050_0050.jpg 1 10 8 50 50
1100_0020_0023_0061_0061.jpg 1 20 23 61 61
